[    0.000000] Linux version 4.15.0-76-generic (buildd@lcy01-amd64-029) (gcc version 7.4.0 (Ubuntu 7.4.0-1ubuntu1~18.04.1)) #86-Ubuntu SMP Fri Jan 17 17:24:28 UTC 2020 (Ubuntu 4.15.0-76.86-generic 4.15.18)
[    0.000000] Command line: BOOT_IMAGE=/boot/vmlinuz-4.15.0-76-generic root=LABEL=cloudimg-rootfs ro console=tty1 console=ttyS0
[    0.000000] KERNEL supported cpus:
[    0.000000]   Intel GenuineIntel
[    0.000000]   AMD AuthenticAMD
[    0.000000]   Centaur CentaurHauls
[    0.000000] x86/fpu: Supporting XSAVE feature 0x001: 'x87 floating point registers'
[    0.000000] x86/fpu: Supporting XSAVE feature 0x002: 'SSE registers'
[    0.000000] x86/fpu: Supporting XSAVE feature 0x004: 'AVX registers'
[    0.000000] x86/fpu: xstate_offset[2]:  576, xstate_sizes[2]:  256
[    0.000000] x86/fpu: Enabled xstate features 0x7, context size is 832 bytes, using 'standard' format.
[    0.000000] e820: BIOS-provided physical RAM map:
[    0.000000] BIOS-e820: [mem 0x0000000000000000-0x000000000009fbff] usable
[    0.000000] BIOS-e820: [mem 0x000000000009fc00-0x000000000009ffff] reserved
[    0.000000] BIOS-e820: [mem 0x00000000000f0000-0x00000000000fffff] reserved
[    0.000000] BIOS-e820: [mem 0x0000000000100000-0x000000003ffeffff] usable
[    0.000000] BIOS-e820: [mem 0x000000003fff0000-0x000000003fffffff] ACPI data
[    0.000000] BIOS-e820: [mem 0x00000000fec00000-0x00000000fec00fff] reserved
[    0.000000] BIOS-e820: [mem 0x00000000fee00000-0x00000000fee00fff] reserved
[    0.000000] BIOS-e820: [mem 0x00000000fffc0000-0x00000000ffffffff] reserved
[    0.000000] NX (Execute Disable) protection: active
[    0.000000] SMBIOS 2.5 present.
[    0.000000] DMI: innotek GmbH VirtualBox/VirtualBox, BIOS VirtualBox 12/01/2006
[    0.000000] Hypervisor detected: KVM
[    0.000000] e820: last_pfn = 0x3fff0 max_arch_pfn = 0x400000000
[    0.000000] MTRR: Disabled
[    0.000000] x86/PAT: MTRRs disabled, skipping PAT initialization too.
[    0.000000] CPU MTRRs all blank - virtualized system.
[    0.000000] x86/PAT: Configuration [0-7]: WB  WT  UC- UC  WB  WT  UC- UC  
[    0.000000] found SMP MP-table at [mem 0x0009fff0-0x0009ffff]
[    0.000000] Scanning 1 areas for low memory corruption
[    0.000000] RAMDISK: [mem 0x35a6f000-0x36d2efff]
[    0.000000] ACPI: Early table checksum verification disabled
[    0.000000] ACPI: RSDP 0x00000000000E0000 000024 (v02 VBOX  )
[    0.000000] ACPI: XSDT 0x000000003FFF0030 00003C (v01 VBOX   VBOXXSDT 00000001 ASL  00000061)
[    0.000000] ACPI: FACP 0x000000003FFF00F0 0000F4 (v04 VBOX   VBOXFACP 00000001 ASL  00000061)
[    0.000000] ACPI: DSDT 0x000000003FFF0470 002325 (v02 VBOX   VBOXBIOS 00000002 INTL 20100528)
[    0.000000] ACPI: FACS 0x000000003FFF0200 000040
[    0.000000] ACPI: FACS 0x000000003FFF0200 000040
[    0.000000] ACPI: APIC 0x000000003FFF0240 00005C (v02 VBOX   VBOXAPIC 00000001 ASL  00000061)
[    0.000000] ACPI: SSDT 0x000000003FFF02A0 0001CC (v01 VBOX   VBOXCPUT 00000002 INTL 20100528)
[    0.000000] No NUMA configuration found
[    0.000000] Faking a node at [mem 0x0000000000000000-0x000000003ffeffff]
[    0.000000] NODE_DATA(0) allocated [mem 0x3ffc5000-0x3ffeffff]
[    0.000000] kvm-clock: cpu 0, msr 0:3ff44001, primary cpu clock
[    0.000000] kvm-clock: Using msrs 4b564d01 and 4b564d00
[    0.000000] kvm-clock: using sched offset of 3588164474 cycles
[    0.000000] clocksource: kvm-clock: mask: 0xffffffffffffffff max_cycles: 0x1cd42e4dffb, max_idle_ns: 881590591483 ns
[    0.000000] Zone ranges:
[    0.000000]   DMA      [mem 0x0000000000001000-0x0000000000ffffff]
[    0.000000]   DMA32    [mem 0x0000000001000000-0x000000003ffeffff]
[    0.000000]   Normal   empty
[    0.000000]   Device   empty
[    0.000000] Movable zone start for each node
[    0.000000] Early memory node ranges
[    0.000000]   node   0: [mem 0x0000000000001000-0x000000000009efff]
[    0.000000]   node   0: [mem 0x0000000000100000-0x000000003ffeffff]
[    0.000000] Reserved but unavailable: 98 pages
[    0.000000] Initmem setup node 0 [mem 0x0000000000001000-0x000000003ffeffff]
[    0.000000] ACPI: PM-Timer IO Port: 0x4008
[    0.000000] IOAPIC[0]: apic_id 2, version 32, address 0xfec00000, GSI 0-23
[    0.000000] ACPI: INT_SRC_OVR (bus 0 bus_irq 0 global_irq 2 dfl dfl)
[    0.000000] ACPI: INT_SRC_OVR (bus 0 bus_irq 9 global_irq 9 low level)
[    0.000000] Using ACPI (MADT) for SMP configuration information
[    0.000000] smpboot: Allowing 2 CPUs, 0 hotplug CPUs
[    0.000000] PM: Registered nosave memory: [mem 0x00000000-0x00000fff]
[    0.000000] PM: Registered nosave memory: [mem 0x0009f000-0x0009ffff]
[    0.000000] PM: Registered nosave memory: [mem 0x000a0000-0x000effff]
[    0.000000] PM: Registered nosave memory: [mem 0x000f0000-0x000fffff]
[    0.000000] e820: [mem 0x40000000-0xfebfffff] available for PCI devices
[    0.000000] Booting paravirtualized kernel on KVM
[    0.000000] clocksource: refined-jiffies: mask: 0xffffffff max_cycles: 0xffffffff, max_idle_ns: 7645519600211568 ns
[    0.000000] random: get_random_bytes called from start_kernel+0x99/0x4fd with crng_init=0
[    0.000000] setup_percpu: NR_CPUS:8192 nr_cpumask_bits:2 nr_cpu_ids:2 nr_node_ids:1
[    0.000000] percpu: Embedded 45 pages/cpu s147456 r8192 d28672 u1048576
[    0.000000] PV qspinlock hash table entries: 256 (order: 0, 4096 bytes)
[    0.000000] Built 1 zonelists, mobility grouping on.  Total pages: 257913
[    0.000000] Policy zone: DMA32
[    0.000000] Kernel command line: BOOT_IMAGE=/boot/vmlinuz-4.15.0-76-generic root=LABEL=cloudimg-rootfs ro console=tty1 console=ttyS0
[    0.000000] Memory: 983080K/1048120K available (12300K kernel code, 2481K rwdata, 4260K rodata, 2428K init, 2704K bss, 65040K reserved, 0K cma-reserved)
[    0.000000] SLUB: HWalign=64, Order=0-3, MinObjects=0, CPUs=2, Nodes=1
[    0.000000] Kernel/User page tables isolation: enabled
[    0.000000] ftrace: allocating 39322 entries in 154 pages
[    0.004000] Hierarchical RCU implementation.
[    0.004000] 	RCU restricting CPUs from NR_CPUS=8192 to nr_cpu_ids=2.
[    0.004000] 	Tasks RCU enabled.
[    0.004000] RCU: Adjusting geometry for rcu_fanout_leaf=16, nr_cpu_ids=2
[    0.004000] NR_IRQS: 524544, nr_irqs: 440, preallocated irqs: 16
[    0.004000] Console: colour VGA+ 80x25
[    0.004000] console [tty1] enabled
[    0.004000] console [ttyS0] enabled
[    0.004000] ACPI: Core revision 20170831
[    0.004000] ACPI: 2 ACPI AML tables successfully acquired and loaded
[    0.004000] APIC: Switch to symmetric I/O mode setup
[    0.004000] x2apic enabled
[    0.004000] Switched APIC routing to physical x2apic.
[    0.004000] ..TIMER: vector=0x30 apic1=0 pin1=2 apic2=-1 pin2=-1
[    0.004004] tsc: Detected 2712.000 MHz processor
[    0.004883] Calibrating delay loop (skipped) preset value.. 5424.00 BogoMIPS (lpj=10848000)
[    0.005388] pid_max: default: 32768 minimum: 301
[    0.006133] Security Framework initialized
[    0.006775] Yama: becoming mindful.
[    0.008023] AppArmor: AppArmor initialized
[    0.012075] Dentry cache hash table entries: 131072 (order: 8, 1048576 bytes)
[    0.013377] Inode-cache hash table entries: 65536 (order: 7, 524288 bytes)
[    0.014705] Mount-cache hash table entries: 2048 (order: 2, 16384 bytes)
[    0.015894] Mountpoint-cache hash table entries: 2048 (order: 2, 16384 bytes)
[    0.016257] Last level iTLB entries: 4KB 64, 2MB 8, 4MB 8
[    0.017154] Last level dTLB entries: 4KB 64, 2MB 0, 4MB 0, 1GB 4
[    0.018190] Spectre V1 : Mitigation: usercopy/swapgs barriers and __user pointer sanitization
[    0.020002] Spectre V2 : Mitigation: Full generic retpoline
[    0.021016] Spectre V2 : Spectre v2 / SpectreRSB mitigation: Filling RSB on context switch
[    0.022366] Speculative Store Bypass: Vulnerable
[    0.024052] MDS: Vulnerable: Clear CPU buffers attempted, no microcode
[    0.025688] Freeing SMP alternatives memory: 36K
[    0.137501] smpboot: CPU0: Intel(R) Core(TM) i5-7200U CPU @ 2.50GHz (family: 0x6, model: 0x8e, stepping: 0x9)
[    0.139311] Performance Events: unsupported p6 CPU model 142 no PMU driver, software events only.
[    0.140000] Hierarchical SRCU implementation.
[    0.140591] NMI watchdog: Perf event create on CPU 0 failed with -2
[    0.141778] NMI watchdog: Perf NMI watchdog permanently disabled
[    0.142992] smp: Bringing up secondary CPUs ...
[    0.144081] x86: Booting SMP configuration:
[    0.144875] .... node  #0, CPUs:      #1
[    0.004000] kvm-clock: cpu 1, msr 0:3ff44041, secondary cpu clock
[    0.148028] smp: Brought up 1 node, 2 CPUs
[    0.148777] smpboot: Max logical packages: 1
[    0.149665] smpboot: Total of 2 processors activated (10848.00 BogoMIPS)
[    0.152056] devtmpfs: initialized
[    0.152644] x86/mm: Memory block size: 128MB
[    0.153660] evm: security.selinux
[    0.154260] evm: security.SMACK64
[    0.154882] evm: security.SMACK64EXEC
[    0.155534] evm: security.SMACK64TRANSMUTE
[    0.156003] evm: security.SMACK64MMAP
[    0.156742] evm: security.apparmor
[    0.157518] evm: security.ima
[    0.158087] evm: security.capability
[    0.158796] clocksource: jiffies: mask: 0xffffffff max_cycles: 0xffffffff, max_idle_ns: 7645041785100000 ns
[    0.160014] futex hash table entries: 512 (order: 3, 32768 bytes)
[    0.164000] pinctrl core: initialized pinctrl subsystem
[    0.164117] RTC time: 17:01:35, date: 02/24/20
[    0.168215] NET: Registered protocol family 16
[    0.169195] audit: initializing netlink subsys (disabled)
[    0.170132] audit: type=2000 audit(1582563700.551:1): state=initialized audit_enabled=0 res=1
[    0.172025] cpuidle: using governor ladder
[    0.172783] cpuidle: using governor menu
[    0.173544] ACPI: bus type PCI registered
[    0.174495] acpiphp: ACPI Hot Plug PCI Controller Driver version: 0.5
[    0.175691] PCI: Using configuration type 1 for base access
[    0.176971] HugeTLB registered 2.00 MiB page size, pre-allocated 0 pages
[    0.180120] ACPI: Added _OSI(Module Device)
[    0.181040] ACPI: Added _OSI(Processor Device)
[    0.182088] ACPI: Added _OSI(3.0 _SCP Extensions)
[    0.182829] ACPI: Added _OSI(Processor Aggregator Device)
[    0.184004] ACPI: Added _OSI(Linux-Dell-Video)
[    0.184795] ACPI: Added _OSI(Linux-Lenovo-NV-HDMI-Audio)
[    0.185711] ACPI: Added _OSI(Linux-HPI-Hybrid-Graphics)
[    0.186955] ACPI: Executed 1 blocks of module-level executable AML code
[    0.191046] ACPI: Interpreter enabled
[    0.192013] ACPI: (supports S0 S5)
[    0.192595] ACPI: Using IOAPIC for interrupt routing
[    0.193584] PCI: Using host bridge windows from ACPI; if necessary, use "pci=nocrs" and report a bug
[    0.195256] ACPI: Enabled 2 GPEs in block 00 to 07
[    0.202021] ACPI: PCI Root Bridge [PCI0] (domain 0000 [bus 00-ff])
[    0.203064] acpi PNP0A03:00: _OSC: OS supports [ASPM ClockPM Segments MSI]
[    0.204536] acpi PNP0A03:00: _OSC: not requesting OS control; OS requires [ExtendedConfig ASPM ClockPM MSI]
[    0.206016] acpi PNP0A03:00: fail to add MMCONFIG information, can't access extended PCI configuration space under this bridge.
[    0.208407] PCI host bridge to bus 0000:00
[    0.209161] pci_bus 0000:00: root bus resource [io  0x0000-0x0cf7 window]
[    0.210309] pci_bus 0000:00: root bus resource [io  0x0d00-0xffff window]
[    0.212003] pci_bus 0000:00: root bus resource [mem 0x000a0000-0x000bffff window]
[    0.213410] pci_bus 0000:00: root bus resource [mem 0x40000000-0xfdffffff window]
[    0.214824] pci_bus 0000:00: root bus resource [bus 00-ff]
[    0.217883] pci 0000:00:01.1: legacy IDE quirk: reg 0x10: [io  0x01f0-0x01f7]
[    0.219273] pci 0000:00:01.1: legacy IDE quirk: reg 0x14: [io  0x03f6]
[    0.220004] pci 0000:00:01.1: legacy IDE quirk: reg 0x18: [io  0x0170-0x0177]
[    0.221261] pci 0000:00:01.1: legacy IDE quirk: reg 0x1c: [io  0x0376]
[    0.243793] pci 0000:00:07.0: quirk: [io  0x4000-0x403f] claimed by PIIX4 ACPI
[    0.244016] pci 0000:00:07.0: quirk: [io  0x4100-0x410f] claimed by PIIX4 SMB
[    0.260969] ACPI: PCI Interrupt Link [LNKA] (IRQs 5 9 10 *11)
[    0.262247] ACPI: PCI Interrupt Link [LNKB] (IRQs 5 9 *10 11)
[    0.263267] ACPI: PCI Interrupt Link [LNKC] (IRQs 5 *9 10 11)
[    0.264075] ACPI: PCI Interrupt Link [LNKD] (IRQs 5 9 10 *11)
[    0.265582] SCSI subsystem initialized
[    0.266242] pci 0000:00:02.0: vgaarb: setting as boot VGA device
[    0.266242] pci 0000:00:02.0: vgaarb: VGA device added: decodes=io+mem,owns=io+mem,locks=none
[    0.268015] pci 0000:00:02.0: vgaarb: bridge control possible
[    0.268983] vgaarb: loaded
[    0.269651] ACPI: bus type USB registered
[    0.272044] usbcore: registered new interface driver usbfs
[    0.273223] usbcore: registered new interface driver hub
[    0.274256] usbcore: registered new device driver usb
[    0.276022] EDAC MC: Ver: 3.0.0
[    0.276859] PCI: Using ACPI for IRQ routing
[    0.277164] NetLabel: Initializing
[    0.277740] NetLabel:  domain hash size = 128
[    0.278441] NetLabel:  protocols = UNLABELED CIPSOv4 CALIPSO
[    0.280021] NetLabel:  unlabeled traffic allowed by default
[    0.281099] clocksource: Switched to clocksource kvm-clock
[    0.300021] VFS: Disk quotas dquot_6.6.0
[    0.300842] VFS: Dquot-cache hash table entries: 512 (order 0, 4096 bytes)
[    0.302180] AppArmor: AppArmor Filesystem Enabled
[    0.303103] pnp: PnP ACPI init
[    0.304688] pnp: PnP ACPI: found 3 devices
[    0.315724] clocksource: acpi_pm: mask: 0xffffff max_cycles: 0xffffff, max_idle_ns: 2085701024 ns
[    0.317370] NET: Registered protocol family 2
[    0.318521] TCP established hash table entries: 8192 (order: 4, 65536 bytes)
[    0.319909] TCP bind hash table entries: 8192 (order: 5, 131072 bytes)
[    0.324065] TCP: Hash tables configured (established 8192 bind 8192)
[    0.325274] UDP hash table entries: 512 (order: 2, 16384 bytes)
[    0.326361] UDP-Lite hash table entries: 512 (order: 2, 16384 bytes)
[    0.327743] NET: Registered protocol family 1
[    0.328744] pci 0000:00:00.0: Limiting direct PCI/PCI transfers
[    0.329827] pci 0000:00:01.0: Activating ISA DMA hang workarounds
[    0.331054] pci 0000:00:02.0: Video device with shadowed ROM at [mem 0x000c0000-0x000dffff]
[    0.332735] Unpacking initramfs...
[    0.673144] Freeing initrd memory: 19200K
[    0.674400] clocksource: tsc: mask: 0xffffffffffffffff max_cycles: 0x2717868ea45, max_idle_ns: 440795316085 ns
[    0.677056] platform rtc_cmos: registered platform RTC device (no PNP device found)
[    0.679024] Scanning for low memory corruption every 60 seconds
[    0.681149] Initialise system trusted keyrings
[    0.682043] Key type blacklist registered
[    0.683005] workingset: timestamp_bits=36 max_order=18 bucket_order=0
[    0.685231] zbud: loaded
[    0.686499] squashfs: version 4.0 (2009/01/31) Phillip Lougher
[    0.688225] fuse init (API version 7.26)
[    0.693048] Key type asymmetric registered
[    0.693860] Asymmetric key parser 'x509' registered
[    0.695052] Block layer SCSI generic (bsg) driver version 0.4 loaded (major 246)
[    0.696915] io scheduler noop registered
[    0.697621] io scheduler deadline registered
[    0.698437] io scheduler cfq registered (default)
[    0.699729] ACPI: AC Adapter [AC] (on-line)
[    0.700668] input: Power Button as /devices/LNXSYSTM:00/LNXPWRBN:00/input/input0
[    0.702002] ACPI: Power Button [PWRF]
[    0.703088] input: Sleep Button as /devices/LNXSYSTM:00/LNXSLPBN:00/input/input1
[    0.704772] ACPI: Sleep Button [SLPF]
[    0.707267] ACPI: Battery Slot [BAT0] (battery present)
[    0.708210] Serial: 8250/16550 driver, 32 ports, IRQ sharing enabled
[    0.731079] 00:02: ttyS0 at I/O 0x3f8 (irq = 4, base_baud = 115200) is a 16550A
[    0.734055] Linux agpgart interface v0.103
[    0.735907] loop: module loaded
[    0.737038] scsi host0: ata_piix
[    0.737778] scsi host1: ata_piix
[    0.738467] ata1: PATA max UDMA/33 cmd 0x1f0 ctl 0x3f6 bmdma 0xd000 irq 14
[    0.739518] ata2: PATA max UDMA/33 cmd 0x170 ctl 0x376 bmdma 0xd008 irq 15
[    0.740696] libphy: Fixed MDIO Bus: probed
[    0.741550] tun: Universal TUN/TAP device driver, 1.6
[    0.742381] PPP generic driver version 2.4.2
[    0.743143] ehci_hcd: USB 2.0 'Enhanced' Host Controller (EHCI) Driver
[    0.744212] ehci-pci: EHCI PCI platform driver
[    0.744937] ehci-platform: EHCI generic platform driver
[    0.745897] ohci_hcd: USB 1.1 'Open' Host Controller (OHCI) Driver
[    0.746861] ohci-pci: OHCI PCI platform driver
[    0.747605] ohci-platform: OHCI generic platform driver
[    0.748477] uhci_hcd: USB Universal Host Controller Interface driver
[    0.749684] i8042: PNP: PS/2 Controller [PNP0303:PS2K,PNP0f03:PS2M] at 0x60,0x64 irq 1,12
[    0.751629] serio: i8042 KBD port at 0x60,0x64 irq 1
[    0.752479] serio: i8042 AUX port at 0x60,0x64 irq 12
[    0.753354] mousedev: PS/2 mouse device common for all mice
[    0.754476] input: AT Translated Set 2 keyboard as /devices/platform/i8042/serio0/input/input2
[    0.756175] rtc_cmos rtc_cmos: rtc core: registered rtc_cmos as rtc0
[    0.757383] rtc_cmos rtc_cmos: alarms up to one day, 114 bytes nvram
[    0.758501] i2c /dev entries driver
[    0.759153] device-mapper: uevent: version 1.0.3
[    0.759955] device-mapper: ioctl: 4.37.0-ioctl (2017-09-20) initialised: dm-devel@redhat.com
[    0.761339] ledtrig-cpu: registered to indicate activity on CPUs
[    0.762796] NET: Registered protocol family 10
[    0.767838] Segment Routing with IPv6
[    0.768665] NET: Registered protocol family 17
[    0.769665] Key type dns_resolver registered
[    0.770843] mce: Using 0 MCE banks
[    0.771526] RAS: Correctable Errors collector initialized.
[    0.772922] sched_clock: Marking stable (772895530, 0)->(948939234, -176043704)
[    0.774706] registered taskstats version 1
[    0.775488] Loading compiled-in X.509 certificates
[    0.779104] Loaded X.509 cert 'Build time autogenerated kernel key: 665cd2b89e03521f57c41865f552ebce30a0c7fb'
[    0.781094] zswap: loaded using pool lzo/zbud
[    0.786360] Key type big_key registered
[    0.787070] Key type trusted registered
[    0.790277] Key type encrypted registered
[    0.791037] AppArmor: AppArmor sha1 policy hashing enabled
[    0.792102] ima: No TPM chip found, activating TPM-bypass! (rc=-19)
[    0.793146] ima: Allocated hash algorithm: sha1
[    0.793932] evm: HMAC attrs: 0x1
[    0.794765]   Magic number: 8:543:37
[    0.795577] bdi 7:2: hash matches
[    0.796359] rtc_cmos rtc_cmos: setting system clock to 2020-02-24 17:01:36 UTC (1582563696)
[    0.798010] BIOS EDD facility v0.16 2004-Jun-25, 0 devices found
[    0.798983] EDD information not available.
[    1.167858] Freeing unused kernel image memory: 2428K
[    1.180553] Write protecting the kernel read-only data: 20480k
[    1.182527] Freeing unused kernel image memory: 2008K
[    1.184030] Freeing unused kernel image memory: 1884K
[    1.191729] x86/mm: Checked W+X mappings: passed, no W+X pages found.
[    1.193319] x86/mm: Checking user space page tables
[    1.199546] x86/mm: Checked W+X mappings: passed, no W+X pages found.
Loading, please wait...
starting version 237
[    1.275833] e1000: Intel(R) PRO/1000 Network Driver - version 7.3.21-k8-NAPI
[    1.277356] e1000: Copyright (c) 1999-2006 Intel Corporation.
[    1.280387] Fusion MPT base driver 3.04.20
[    1.281267] Copyright (c) 1999-2008 LSI Corporation
[    1.318670] AVX2 version of gcm_enc/dec engaged.
[    1.319587] AES CTR mode by8 optimization enabled
[    1.323203] Fusion MPT SPI Host driver 3.04.20
[    1.534941] input: ImExPS/2 Generic Explorer Mouse as /devices/platform/i8042/serio1/input/input4
[    1.742449] e1000 0000:00:03.0 eth0: (PCI:33MHz:32-bit) 02:b4:6b:8c:b8:1a
[    1.743608] e1000 0000:00:03.0 eth0: Intel(R) PRO/1000 Network Connection
[    1.746244] mptbase: ioc0: Initiating bringup
[    3.227294] ioc0: LSI53C1030 A0: Capabilities={Initiator}
[    5.751207] scsi host2: ioc0: LSI53C1030 A0, FwRev=00000000h, Ports=1, MaxQ=256, IRQ=20
[    7.677550] scsi 2:0:0:0: Direct-Access     VBOX     HARDDISK         1.0  PQ: 0 ANSI: 5
[    7.708168] scsi target2:0:0: Beginning Domain Validation
[    7.712336] scsi target2:0:0: Domain Validation skipping write tests
[    7.713421] scsi target2:0:0: Ending Domain Validation
[    7.714308] scsi target2:0:0: asynchronous
[    7.715521] scsi 2:0:1:0: Direct-Access     VBOX     HARDDISK         1.0  PQ: 0 ANSI: 5
[    7.960051] scsi target2:0:1: Beginning Domain Validation
[    7.962755] random: fast init done
[    7.963627] scsi target2:0:1: Domain Validation skipping write tests
[    7.964840] scsi target2:0:1: Ending Domain Validation
[    7.966033] scsi target2:0:1: asynchronous
[    7.971945] random: systemd-udevd: uninitialized urandom read (16 bytes read)
[    7.973429] random: systemd-udevd: uninitialized urandom read (16 bytes read)
[    7.974723] random: systemd-udevd: uninitialized urandom read (16 bytes read)
[    7.976262] sd 2:0:0:0: Attached scsi generic sg0 type 0
[    7.977829] sd 2:0:1:0: Attached scsi generic sg1 type 0
[    7.978464] sd 2:0:0:0: [sda] 20971520 512-byte logical blocks: (10.7 GB/10.0 GiB)
[    7.980395] sd 2:0:0:0: [sda] Write Protect is off
[    7.981204] sd 2:0:1:0: [sdb] 20480 512-byte logical blocks: (10.5 MB/10.0 MiB)
[    7.982436] sd 2:0:1:0: [sdb] Write Protect is off
[    7.983248] sd 2:0:0:0: [sda] Incomplete mode parameter data
[    7.984172] sd 2:0:0:0: [sda] Assuming drive cache: write through
[    7.985142] sd 2:0:1:0: [sdb] Incomplete mode parameter data
[    7.986038] sd 2:0:1:0: [sdb] Assuming drive cache: write through
[    7.991459]  sda: sda1
[    7.993402] sd 2:0:0:0: [sda] Attached SCSI disk
[    7.994452] sd 2:0:1:0: [sdb] Attached SCSI disk
[    8.058412] e1000 0000:00:08.0 eth1: (PCI:33MHz:32-bit) 08:00:27:dd:bc:57
[    8.059679] e1000 0000:00:08.0 eth1: Intel(R) PRO/1000 Network Connection
[    8.062067] e1000 0000:00:03.0 enp0s3: renamed from eth0
[    8.102336] e1000 0000:00:08.0 enp0s8: renamed from eth1
Begin: Loading essential drivers ... [    9.640149] raid6: sse2x1   gen()  9957 MB/s
[    9.688048] raid6: sse2x1   xor()  7524 MB/s
[    9.736056] raid6: sse2x2   gen() 12565 MB/s
[    9.784124] raid6: sse2x2   xor()  8713 MB/s
[    9.832594] raid6: sse2x4   gen() 14649 MB/s
[    9.880306] raid6: sse2x4   xor()  9279 MB/s
[    9.928131] raid6: avx2x1   gen() 20813 MB/s
[    9.976383] raid6: avx2x1   xor() 14785 MB/s
[   10.024091] raid6: avx2x2   gen() 24737 MB/s
[   10.073014] raid6: avx2x2   xor() 15452 MB/s
[   10.120358] raid6: avx2x4   gen() 28544 MB/s
[   10.168226] raid6: avx2x4   xor() 16591 MB/s
[   10.168985] raid6: using algorithm avx2x4 gen() 28544 MB/s
[   10.169956] raid6: .... xor() 16591 MB/s, rmw enabled
[   10.170858] raid6: using avx2x2 recovery algorithm
[   10.176787] xor: automatically using best checksumming function   avx       
[   10.179400] async_tx: api initialized (async)
done.
Begin: Running /scripts/init-premount ... done.
Begin: Mounting root file system ... Begin: Running /scripts/local-top ... done.
Begin: Running /scripts/local-premount ... [   10.222040] Btrfs loaded, crc32c=crc32c-intel
Scanning for Btrfs filesystems
done.
Warning: fsck not present, so skipping root file system
[   10.260044] EXT4-fs (sda1): mounted filesystem with ordered data mode. Opts: (null)
done.
Begin: Running /scripts/local-bottom ... done.
Begin: Running /scripts/init-bottom ... done.
[   10.455804] ip_tables: (C) 2000-2006 Netfilter Core Team
[   10.468949] systemd[1]: systemd 237 running in system mode. (+PAM +AUDIT +SELINUX +IMA +APPARMOR +SMACK +SYSVINIT +UTMP +LIBCRYPTSETUP +GCRYPT +GNUTLS +ACL +XZ +LZ4 +SECCOMP +BLKID +ELFUTILS +KMOD -IDN2 +IDN -PCRE2 default-hierarchy=hybrid)
[   10.472980] systemd[1]: Detected virtualization oracle.
[   10.473808] systemd[1]: Detected architecture x86-64.

Welcome to [1mUbuntu 18.04.4 LTS[0m!

[   10.479443] systemd[1]: Set hostname to <ubuntu>.
[   10.484737] systemd[1]: Initializing machine ID from random generator.
[   10.485816] systemd[1]: Installed transient /etc/machine-id file.
[   10.752074] systemd[1]: Created slice User and Session Slice.
[[0;32m  OK  [0m] Created slice User and Session Slice.
[   10.753913] systemd[1]: Created slice System Slice.
[[0;32m  OK  [0m] Created slice System Slice.
[   10.755245] systemd[1]: Listening on Journal Audit Socket.
[[0;32m  OK  [0m] Listening on Journal Audit Socket.
[   10.756719] systemd[1]: Listening on Device-mapper event daemon FIFOs.
[[0;32m  OK  [0m] Listening on Device-mapper event daemon FIFOs.
[[0;32m  OK  [0m] Started Forward Password Requests to Wall Directory Watch.
[[0;32m  OK  [0m] Listening on udev Kernel Socket.
[[0;32m  OK  [0m] Reached target Swap.
[[0;32m  OK  [0m] Reached target Slices.
[[0;32m  OK  [0m] Set up automount Arbitrary Executab…rmats File System Automount Point.
[[0;32m  OK  [0m] Reached target System Time Synchronized.
[[0;32m  OK  [0m] Created slice system-serial\x2dgetty.slice.
[[0;32m  OK  [0m] Listening on Journal Socket.
         Mounting Kernel Debug File System...
         Starting Set the console keyboard layout...
         Starting Uncomplicated firewall...
[[0;32m  OK  [0m] Listening on /dev/initctl Compatibility Named Pipe.
[[0;32m  OK  [0m] Listening on LVM2 metadata daemon socket.
         Starting Monitoring of LVM2 mirrors…ng dmeventd or progress polling...
[[0;32m  OK  [0m] Listening on Journal Socket (/dev/log).
[[0;32m  OK  [0m] Listening on Network Service Netlink Socket.
         Starting Create list of required st…ce nodes for the current kernel...
[[0;32m  OK  [0m] Listening on LVM2 poll daemon socket.
         Starting Remount Root and Kernel File Systems...
[[0;32m  OK  [0m] Listening on Syslog Socket.
         Starting Journal Service...
         Starting Load Kernel Modules...
[[0;32m  OK  [0m] Listening on udev Control Socket.
         Starting udev Coldplug all Devices...
[[0;32m  OK  [0m] Reached target User and Group Name Lookups.
         Mounting POSIX Message Queue File System...
         Mounting Huge Pages File System...
[[0;32m  OK  [0m] Mounted Kernel Debug File System.
[   10.886569] EXT4-fs (sda1): re-mounted. Opts: (null)
[[0;32m  OK  [0m] Started Uncomplicated firewall.
[[0;32m  OK  [0m] Started Create list of required sta…vice nodes for the current kernel.
[[0;32m  OK  [0m] Started Remount Root and Kernel File Systems.
[[0;32m  OK  [0m] Mounted Huge Pages File System.
[[0;32m  OK  [0m] Started LVM2 metadata daemon.
[   10.927909] Loading iSCSI transport class v2.0-870.
[   10.935354] iscsi: registered transport (tcp)
[   10.957066] iscsi: registered transport (iser)
         Starting Load/Save Random Seed...
         Starting Create Static Device Nodes in /dev...
[[0;32m  OK  [0m] Started Journal Service.
[[0;32m  OK  [0m] Started Load Kernel Modules.
[[0;32m  OK  [0m] Mounted POSIX Message Queue File System.
         Starting Apply Kernel Variables...
         Mounting FUSE Control File System...
         Mounting Kernel Configuration File System...
         Starting Flush Journal to Persistent Storage...
[[0;32m  OK  [0m] Mounted FUSE Control File System.
[[0;32m  OK  [0m] Mounted Kernel Configuration File System.
[[0;32m  OK  [0m] Started Load/Save Random Seed.
[[0;32m  OK  [0m] Started Create Static Device Nodes in /dev.
         Starting udev Kernel Device Manager...
[[0;32m  OK  [0m] Started udev Coldplug all Devices.
[[0;32m  OK  [0m] Started udev Kernel Device Manager.
[[0;32m  OK  [0m] Started Apply Kernel Variables.
[[0;32m  OK  [0m] Started Monitoring of LVM2 mirrors,…sing dmeventd or progress polling.
[[0;32m  OK  [0m] Started Flush Journal to Persistent Storage.
[[0;32m  OK  [0m] Found device /dev/ttyS0.
[[0;32m  OK  [0m] Listening on Load/Save RF Kill Switch Status /dev/rfkill Watch.
[[0;32m  OK  [0m] Started Set the console keyboard layout.
[[0;32m  OK  [0m] Started Dispatch Password Requests to Console Directory Watch.
[[0;32m  OK  [0m] Reached target Local Encrypted Volumes.
[[0;32m  OK  [0m] Reached target Local File Systems (Pre).
[[0;32m  OK  [0m] Reached target Local File Systems.
         Starting Tell Plymouth To Write Out Runtime Data...
         Starting AppArmor initialization...
         Starting Create Volatile Files and Directories...
         Starting Commit a transient machine-id on disk...
         Starting ebtables ruleset management...
         Starting Set console font and keymap...
[[0;32m  OK  [0m] Started Tell Plymouth To Write Out Runtime Data.
[[0;32m  OK  [0m] Started Set console font and keymap.
[[0;32m  OK  [0m] Started Create Volatile Files and Directories.
         Starting Update UTMP about System Boot/Shutdown...
[[0;32m  OK  [0m] Started Update UTMP about System Boot/Shutdown.
[[0;32m  OK  [0m] Started Commit a transient machine-id on disk.
[[0;32m  OK  [0m] Started ebtables ruleset management.
[[0;32m  OK  [0m] Started AppArmor initialization.
         Starting Initial cloud-init job (pre-networking)...
[   14.412522] cloud-init[663]: Cloud-init v. 19.4-33-gbb4131a2-0ubuntu1~18.04.1 running 'init-local' at Mon, 24 Feb 2020 17:01:49 +0000. Up 14.00 seconds.
[[0;32m  OK  [0m] Started Initial cloud-init job (pre-networking).
[[0;32m  OK  [0m] Reached target Network (Pre).
         Starting Network Service...
[[0;32m  OK  [0m] Started Network Service.
         Starting Network Name Resolution...
         Starting Wait for Network to be Configured...
[[0;32m  OK  [0m] Started Network Name Resolution.
[[0;32m  OK  [0m] Reached target Host and Network Name Lookups.
[[0;32m  OK  [0m] Reached target Network.
[[0;32m  OK  [0m] Started Wait for Network to be Configured.
         Starting Initial cloud-init job (metadata service crawler)...
[   17.087855] cloud-init[781]: Cloud-init v. 19.4-33-gbb4131a2-0ubuntu1~18.04.1 running 'init' at Mon, 24 Feb 2020 17:01:52 +0000. Up 16.92 seconds.
[   17.089304] cloud-init[781]: ci-info: ++++++++++++++++++++++++++++++++++++++Net device info+++++++++++++++++++++++++++++++++++++++
[   17.090565] cloud-init[781]: ci-info: +--------+-------+----------------------------+---------------+--------+-------------------+
[   17.091689] cloud-init[781]: ci-info: | Device |   Up  |          Address           |      Mask     | Scope  |     Hw-Address    |
[   17.092818] cloud-init[781]: ci-info: +--------+-------+----------------------------+---------------+--------+-------------------+
[   17.093952] cloud-init[781]: ci-info: | enp0s3 |  True |         10.0.2.15          | 255.255.255.0 | global | 02:b4:6b:8c:b8:1a |
[   17.095030] cloud-init[781]: ci-info: | enp0s3 |  True | fe80::b4:6bff:fe8c:b81a/64 |       .       |  link  | 02:b4:6b:8c:b8:1a |
[   17.096198] cloud-init[781]: ci-info: | enp0s8 | False |             .              |       .       |   .    | 08:00:27:dd:bc:57 |
[   17.097268] cloud-init[781]: ci-info: |   lo   |  True |         127.0.0.1          |   255.0.0.0   |  host  |         .         |
[   17.098328] cloud-init[781]: ci-info: |   lo   |  True |          ::1/128           |       .       |  host  |         .         |
[   17.099453] cloud-init[781]: ci-info: +--------+-------+----------------------------+---------------+--------+-------------------+
[   17.100641] cloud-init[781]: ci-info: ++++++++++++++++++++++++++++Route IPv4 info+++++++++++++++++++++++++++++
[   17.101612] cloud-init[781]: ci-info: +-------+-------------+----------+-----------------+-----------+-------+
[   17.102750] cloud-init[781]: ci-info: | Route | Destination | Gateway  |     Genmask     | Interface | Flags |
[   17.103881] cloud-init[781]: ci-info: +-------+-------------+----------+-----------------+-----------+-------+
[   17.104870] cloud-init[781]: ci-info: |   0   |   0.0.0.0   | 10.0.2.2 |     0.0.0.0     |   enp0s3  |   UG  |
[   17.105830] cloud-init[781]: ci-info: |   1   |   10.0.2.0  | 0.0.0.0  |  255.255.255.0  |   enp0s3  |   U   |
[   17.106751] cloud-init[781]: ci-info: |   2   |   10.0.2.2  | 0.0.0.0  | 255.255.255.255 |   enp0s3  |   UH  |
[   17.107665] cloud-init[781]: ci-info: +-------+-------------+----------+-----------------+-----------+-------+
[   17.108603] cloud-init[781]: ci-info: +++++++++++++++++++Route IPv6 info+++++++++++++++++++
[   17.109393] cloud-init[781]: ci-info: +-------+-------------+---------+-----------+-------+
[   17.110197] cloud-init[781]: ci-info: | Route | Destination | Gateway | Interface | Flags |
[   17.111001] cloud-init[781]: ci-info: +-------+-------------+---------+-----------+-------+
[   17.111837] cloud-init[781]: ci-info: |   1   |  fe80::/64  |    ::   |   enp0s3  |   U   |
[   17.112660] cloud-init[781]: ci-info: |   3   |    local    |    ::   |   enp0s3  |   U   |
[   17.113477] cloud-init[781]: ci-info: |   4   |   ff00::/8  |    ::   |   enp0s3  |   U   |
[   17.114299] cloud-init[781]: ci-info: +-------+-------------+---------+-----------+-------+
[   17.766130] cloud-init[781]: Generating public/private rsa key pair.
[   17.767069] cloud-init[781]: Your identification has been saved in /etc/ssh/ssh_host_rsa_key.
[   17.768243] cloud-init[781]: Your public key has been saved in /etc/ssh/ssh_host_rsa_key.pub.
[   17.784283] cloud-init[781]: The key fingerprint is:
[   17.785186] cloud-init[781]: SHA256:MqSjvZMCfRnVwtvcteGyRozZiI2dySHGv20qTvucZH0 root@ubuntu-bionic
[   17.786794] cloud-init[781]: The key's randomart image is:
[   17.787885] cloud-init[781]: +---[RSA 2048]----+
[   17.789074] cloud-init[781]: |     o .         |
[   17.789956] cloud-init[781]: |      B o   o    |
[   17.791053] cloud-init[781]: |     o.& @ o o   |
[   17.791944] cloud-init[781]: |    .o+ & * o    |
[   17.792853] cloud-init[781]: | .  ooo S+ o     |
[   17.793822] cloud-init[781]: |. .oo. o..=      |
[   17.794718] cloud-init[781]: | ...... o+. E    |
[   17.795608] cloud-init[781]: |  . oo.=.. .     |
[   17.796783] cloud-init[781]: |   ..ooo+        |
[   17.797686] cloud-init[781]: +----[SHA256]-----+
[   17.798807] cloud-init[781]: Generating public/private dsa key pair.
[   17.808628] cloud-init[781]: Your identification has been saved in /etc/ssh/ssh_host_dsa_key.
[   17.809768] cloud-init[781]: Your public key has been saved in /etc/ssh/ssh_host_dsa_key.pub.
[   17.810960] cloud-init[781]: The key fingerprint is:
[   17.811999] cloud-init[781]: SHA256:J2vIu4gJSsHKAOcsv+n52g4p0YH1QVbIDhGbqj1SJww root@ubuntu-bionic
[   17.813473] cloud-init[781]: The key's randomart image is:
[[0;32m  OK  [0m] Started Initial cloud-init job (metadata service crawler).
[   17.829842] cloud-init[[0;32m  OK  [0m] Reached target Cloud-config availability.
[[0;32m  OK  [0m] Reached target Network is Online.
[781]: +---[DSA 1024]----+
[   17.844850] cloud-init[781]: |  +=+o.          |
         Starting Availability of block devices...
[[0;32m  OK  [0m] Reached target Remote File Systems (Pre).
[[0;32m  OK  [0m] Reached target Remote File Systems.
[[0;32m  OK  [0m] Reached target System Initialization.
[[0;32m  OK  [0m] Listening on UUID daemon activation socket.
[   17.845995] cloud-init[781]: | o.=o.           |
         Starting LXD - unix socket.
[   17.872956] [[0;32m  OK  [0m] Listening on D-Bus System Message Bus Socket.
[[0;32m  OK  [0m] Listening on ACPID Listen Socket.
cloud-init[781]: |E =o.            |
         Starting Socket activation for snappy daemon.
[[0;32m  OK  [0m] Started Daily Cleanup of Temporary Directories.
[[0;32m  OK  [0m] Started ACPI Events Check.
[[0;32m  OK  [0m] Reached target Paths.
[[0;32m  OK  [0m] Listening on Open-iSCSI iscsid Socket.
[   17.877708] cloud-init[781]: |oO ..            |
[[0;32m  OK  [0m] Started Discard unused blocks once a week.
[   17.880270] [[0;32m  OK  [0m] Started Message of the Day.
[[0;32m  OK  [0m] Started Daily apt download activities.
[[0;32m  OK  [0m] Started Daily apt upgrade and clean activities.
cloud-init[781]: |=oB .   S .      |
[[0;32m  OK  [0m] Reached target Timers.
[   17.898895] cloud-init[781]: |=*.+ . . +       |
[   17.900327] cloud-init[781]: |*o*   o o        |
[   17.900926] cloud-init[781]: |o+ X . o         |
[   17.901568] cloud-init[781]: |..O+= o.         |
[   17.902100] cloud-init[781]: +----[SHA256]-----+
[   17.902673] cloud-init[781]: Generating public/private ecdsa key pair.
[   17.903402] cloud-init[781]: Your identification has been saved in /etc/ssh/ssh_host_ecdsa_key.
[   17.904587] cloud-init[781]: Your public key has been saved in /etc/ssh/ssh_host_ecdsa_key.pub.
[   17.905403] cloud-init[781]: The key fingerprint is:
[   17.905962] cloud-init[781]: SHA256:Fisb3NH4Ys7CN01NTyKLQe75b2F/RMjchZdvtHFy/Mg root@ubuntu-bionic
[[0;32m  OK  [0m] Started Availability of block devices.
[[0;32m  OK  [0m] Listening on LXD - unix socket.
[[0;32m  OK  [0m] Listening on Socket activation for snappy daemon.
[[0;32m  OK  [0m] Reached target Sockets.
[[0;32m  OK  [0m] Reached target Basic System.
[   17.909251] cloud-init[781]: The key's randomart image is:
[   17.912802] cloud-init[781]: +---[ECDSA 256]---+
[   17.913421] cloud-init[781]: |        .      o.|
[   17.914289] cloud-init[781]: |       o o    ooB|
[   17.914525] cloud-init[781]: |        * o o+.OB|
[   17.915268] cloud-init[781]: |     . o O = +E.*|
[   17.916083] cloud-init[781]: |      + S + . .o |
[   17.916327] cloud-init[781]: |     . O =  o   .|
[   17.917184] cloud-init[781]: |      + = o. o . |
[   17.917936] cloud-init[781]: |       o . .. . .|
[   17.919985] cloud-init[781]: |           ..  . |
         Starting Pollinate to seed the pseudo random number generator...
         Starting LSB: Record successful boot for GRUB...
[   17.924326] cloud-init[781]: +----[SHA256]-----+
[   17.936193] [[0;32m  OK  [0m] Started FUSE filesystem for LXC.
cloud-init[781]: Generating public/private ed25519 key pair.         Starting LSB: automatic crash report generation...
         Starting Login Service...

[   17.940564] cloud-init[781]: Your identification has been saved in /etc/ssh/ssh_host_ed25519_key.
[   17.941705] cloud-init[781]: Your public key has been saved in /etc/ssh/ssh_host_ed25519_key.pub.
[   17.943869] cloud-init[781]: The key fingerprint is:
[   17.945955] cloud-init[781]: SHA256:txDILiYIKMNPc8Iv2XdVOZtX6Ldkgb/08vmwD5T4jlk root@ubuntu-bionic
[[0;32m  OK  [0m] Started Regular background program processing daemon.
[   17.957035] cloud-init[781]: The key's randomart image is:
[   17.957991] [[0;32m  OK  [0m] Started Deferred execution scheduler.
cloud-init[781]: +--[ED25519 256]--+         Starting System Logging Service...
         Starting LXD - container startup/shutdown...

[   17.965949] cloud-init[781]: |             .o. |
[   17.969809] cloud-init[781]: |o .  . .    .+...|
[   17.970888] cloud-init[781]: |=. = .o .  . .= o|
[   17.971302] cloud-init[781]: |ooo B.   ..  +.B.|
[   17.972164] cloud-init[781]: |. .+oo..S.. . B.+|
[   17.973319] cloud-init[781]: |   o... .o . o.o.|
[   17.976175] cloud-init[781]: |          .   Eo.|
[   17.976851] cloud-init[781]: |             = =.|
[   17.977967] cloud-init[781]: |            o o.+|
[   17.979010] cloud-init[781]: +----[SHA256]-----+
[[0;32m  OK  [0m] Started irqbalance daemon.
[[0;32m  OK  [0m] Started D-Bus System Message Bus.
         Starting Snappy daemon...
         Starting Permit User Sessions...
         Starting Virtualbox guest utils...
         Starting Dispatcher daemon for systemd-networkd...
         Starting Accounts Service...
[[0;32m  OK  [0m] Started System Logging Service.
[[0;32m  OK  [0m] Started Permit User Sessions.
[[0;32m  OK  [0m] Started Login Service.
[[0;32m  OK  [0m] Started Unattended Upgrades Shutdown.
         Starting Hold until boot process finishes up...
         Starting Terminate Plymouth Boot Screen...
[[0;32m  OK  [0m] Started Hold until boot process finishes up.
         Starting Set console scheme...
[[0;32m  OK  [0m] Started Serial Getty on ttyS0.
[[0;32m  OK  [0m] Started Terminate Plymouth Boot Screen.
[[0;32m  OK  [0m] Started LXD - container startup/shutdown.
[[0;32m  OK  [0m] Started LSB: Record successful boot for GRUB.
[[0;32m  OK  [0m] Started Set console scheme.
[[0;32m  OK  [0m] Created slice system-getty.slice.
[[0;32m  OK  [0m] Started Getty on tty1.
[[0;32m  OK  [0m] Reached target Login Prompts.
[[0;32m  OK  [0m] Started LSB: automatic crash report generation.
         Starting Authorization Manager...
[[0;32m  OK  [0m] Started Virtualbox guest utils.
[[0;32m  OK  [0m] Started Authorization Manager.
[[0;32m  OK  [0m] Started Accounts Service.
[[0;32m  OK  [0m] Started Dispatcher daemon for systemd-networkd.
[[0;32m  OK  [0m] Started Snappy daemon.
         Starting Wait until snapd is fully seeded...
[[0;32m  OK  [0m] Started Wait until snapd is fully seeded.
         Starting Apply the settings specified in cloud-config...
[   20.544210] cloud-init[1247]: Cloud-init v. 19.4-33-gbb4131a2-0ubuntu1~18.04.1 running 'modules:config' at Mon, 24 Feb 2020 17:01:55 +0000. Up 20.08 seconds.
[[0;32m  OK  [0m] Started Apply the settings specified in cloud-config.

Ubuntu 18.04.4 LTS ubuntu-bionic ttyS0

ubuntu-bionic login: ci-info: no authorized SSH keys fingerprints found for user ubuntu.
<14>Feb 24 17:02:00 ec2: 
<14>Feb 24 17:02:00 ec2: #############################################################
<14>Feb 24 17:02:00 ec2: -----BEGIN SSH HOST KEY FINGERPRINTS-----
<14>Feb 24 17:02:00 ec2: 1024 SHA256:J2vIu4gJSsHKAOcsv+n52g4p0YH1QVbIDhGbqj1SJww root@ubuntu-bionic (DSA)
<14>Feb 24 17:02:00 ec2: 256 SHA256:Fisb3NH4Ys7CN01NTyKLQe75b2F/RMjchZdvtHFy/Mg root@ubuntu-bionic (ECDSA)
<14>Feb 24 17:02:00 ec2: 256 SHA256:txDILiYIKMNPc8Iv2XdVOZtX6Ldkgb/08vmwD5T4jlk root@ubuntu-bionic (ED25519)
<14>Feb 24 17:02:00 ec2: 2048 SHA256:MqSjvZMCfRnVwtvcteGyRozZiI2dySHGv20qTvucZH0 root@ubuntu-bionic (RSA)
<14>Feb 24 17:02:00 ec2: -----END SSH HOST KEY FINGERPRINTS-----
<14>Feb 24 17:02:00 ec2: #############################################################
-----BEGIN SSH HOST KEY KEYS-----
ecdsa-sha2-nistp256 AAAAE2VjZHNhLXNoYTItbmlzdHAyNTYAAAAIbmlzdHAyNTYAAABBBBA1nrtmIa4fCpbWMfCBXx6PeLYiDyUm6C49ZPcuY47sMW9oyuC2Fcg4XLl501z5meQ5eXTDPGezIK3MGbNRhhc= root@ubuntu-bionic
ssh-ed25519 AAAAC3NzaC1lZDI1NTE5AAAAIOh6KPTdjbtQQnVnBpaXmwd3Bo0gIQkkEOsZKs5iPxnX root@ubuntu-bionic
ssh-rsa AAAAB3NzaC1yc2EAAAADAQABAAABAQDrAoXiU07rXNvJpIa0uMKYdkkETVmKglaZy8svJH0GtQdf+Tpo4STnLXG0qbv9RAoPtRcr1xZCP/wwaLz9q8mEhyCj6uO033FuEees/IuIftGHQI+xXQutHy5DIzLWSvcmmjR8dEI6O7D2felFEoNpSf0ZDbDh9GRa1B8Jx2e9PPvM1vnqn4V7fRX8V53IjsVv1QdrKOptjCyYBls53/NVspRvfJUXSLuz6mKota2HCeR7+nwBAFU9/nIYgTSLHtVQ9XIe67jNp1jCl+K7g/XQ/qjfYLREF/dmFwtAzTTwiPTH805NVq0rvmSC6vnsZo5LQazV4Ev4HPFfizeKxVi3 root@ubuntu-bionic
-----END SSH HOST KEY KEYS-----
[   25.186681] cloud-init[1339]: Cloud-init v. 19.4-33-gbb4131a2-0ubuntu1~18.04.1 running 'modules:final' at Mon, 24 Feb 2020 17:02:00 +0000. Up 24.95 seconds.
[   25.188479] cloud-init[1339]: ci-info: no authorized SSH keys fingerprints found for user ubuntu.
[   25.189568] cloud-init[1339]: Cloud-init v. 19.4-33-gbb4131a2-0ubuntu1~18.04.1 finished at Mon, 24 Feb 2020 17:02:00 +0000. Datasource DataSourceNoCloud [seed=/dev/sdb][dsmode=net].  Up 25.17 seconds
